Microsoft (R) Macro Assembler Version 6.11		    09/14/22 13:50:12
dmem.asm						     Page 1 - 1


				;;; Professor Bailey
				;;; Fall 2022
				;;; September 14, 2022
				
				include cs240.inc		; Include CS 240 library definitions
			      C .NOLIST
			      C .LIST
			      C 
					
				;;; Standard DOS definitions
				
 = 4C00				DOSEXIT = 4C00h
 = 0021				DOS = 21h
				
				.8086				; Restrict instructions to 8086
				
 0000				.data
					
 0000					begData LABEL BYTE
 0000 54 68 69 73 20 69			prompt BYTE	"This is a prompt", 0
       73 20 61 20 70 72
       6F 6D 70 74 00
 0011 0019				count WORD 25
 0013 FEAB				pat WORD 0FEABh
 0015 = 0015				sizeData = $ - begData
				
				;;; Place data definitions here
				
 0000				.code				; Switch to the code segment
				
				;;; Place code here
				
				;;; Entry point for the program
				
 0000				main PROC
 0000  B8 ---- R			mov	ax, @data	; Setup the data segment
 0003  8E D8				mov	ds, ax
				
					;; Start of DOS program...
				
 0005  B9 0015				mov	cx, sizeData
 0008  BA 0000 R			mov	dx, OFFSET begData
 000B  E8 0000 E			call	DumpMem
					
 000E  B8 4C00				mov	ax, DOSEXIT	; Signal DOS that we are done
 0011  CD 21				int	DOS
 0013				main ENDP
				END main
Microsoft (R) Macro Assembler Version 6.11		    09/14/22 13:50:12
dmem.asm						     Symbols 2 - 1




Segments and Groups:

                N a m e                 Size     Length   Align   Combine Class

DGROUP . . . . . . . . . . . . .	GROUP
_DATA  . . . . . . . . . . . . .	16 Bit	 0015	  Word	  Public  'DATA'	
STACK  . . . . . . . . . . . . .	16 Bit	 0200	  Para	  Stack	  'STACK'	 
_TEXT  . . . . . . . . . . . . .	16 Bit	 0013	  Word	  Public  'CODE'	


Procedures,  parameters and locals:

                N a m e                 Type     Value    Attr

DumpLongRegs . . . . . . . . . .	P Near	 0000	  Length= 0000 External STDCALL
DumpMem  . . . . . . . . . . . .	P Near	 0000	  Length= 0000 External STDCALL
DumpRegs . . . . . . . . . . . .	P Near	 0000	  Length= 0000 External STDCALL
NewLine  . . . . . . . . . . . .	P Near	 0000	  Length= 0000 External STDCALL
PrintVersion . . . . . . . . . .	P Near	 0000	  Length= 0000 External STDCALL
ReadChar . . . . . . . . . . . .	P Near	 0000	  Length= 0000 External STDCALL
ReadHexByte  . . . . . . . . . .	P Near	 0000	  Length= 0000 External STDCALL
ReadHexDigit . . . . . . . . . .	P Near	 0000	  Length= 0000 External STDCALL
ReadHexDoubleWord  . . . . . . .	P Near	 0000	  Length= 0000 External STDCALL
ReadHexWord  . . . . . . . . . .	P Near	 0000	  Length= 0000 External STDCALL
ReadInt  . . . . . . . . . . . .	P Near	 0000	  Length= 0000 External STDCALL
ReadLine . . . . . . . . . . . .	P Near	 0000	  Length= 0000 External STDCALL
ReadUInt . . . . . . . . . . . .	P Near	 0000	  Length= 0000 External STDCALL
SkipToEOL  . . . . . . . . . . .	P Near	 0000	  Length= 0000 External STDCALL
Version  . . . . . . . . . . . .	P Near	 0000	  Length= 0000 External STDCALL
WriteBit . . . . . . . . . . . .	P Near	 0000	  Length= 0000 External STDCALL
WriteCSString  . . . . . . . . .	P Near	 0000	  Length= 0000 External STDCALL
WriteChar  . . . . . . . . . . .	P Near	 0000	  Length= 0000 External STDCALL
WriteHexByte . . . . . . . . . .	P Near	 0000	  Length= 0000 External STDCALL
WriteHexDigit  . . . . . . . . .	P Near	 0000	  Length= 0000 External STDCALL
WriteHexDoubleWord . . . . . . .	P Near	 0000	  Length= 0000 External STDCALL
WriteHexWord . . . . . . . . . .	P Near	 0000	  Length= 0000 External STDCALL
WriteInt . . . . . . . . . . . .	P Near	 0000	  Length= 0000 External STDCALL
WriteString  . . . . . . . . . .	P Near	 0000	  Length= 0000 External STDCALL
WriteUInt  . . . . . . . . . . .	P Near	 0000	  Length= 0000 External STDCALL
main . . . . . . . . . . . . . .	P Near	 0000	  _TEXT	Length= 0013 Public STDCALL


Symbols:

                N a m e                 Type     Value    Attr

@CodeSize  . . . . . . . . . . .	Number	 0000h	 
@DataSize  . . . . . . . . . . .	Number	 0000h	 
@Interface . . . . . . . . . . .	Number	 0003h	 
@Model . . . . . . . . . . . . .	Number	 0002h	 
@code  . . . . . . . . . . . . .	Text   	 _TEXT
@data  . . . . . . . . . . . . .	Text   	 DGROUP
@fardata?  . . . . . . . . . . .	Text   	 FAR_BSS
@fardata . . . . . . . . . . . .	Text   	 FAR_DATA
@stack . . . . . . . . . . . . .	Text   	 DGROUP
DOSEXIT  . . . . . . . . . . . .	Number	 4C00h	 
DOS  . . . . . . . . . . . . . .	Number	 0021h	 
begData  . . . . . . . . . . . .	Byte	 0000	  _DATA	
count  . . . . . . . . . . . . .	Word	 0011	  _DATA	
pat  . . . . . . . . . . . . . .	Word	 0013	  _DATA	
prompt . . . . . . . . . . . . .	Byte	 0000	  _DATA	
sizeData . . . . . . . . . . . .	Number	 0015h	 

	   0 Warnings
	   0 Errors
