Microsoft (R) Macro Assembler Version 6.11		    09/14/22 13:19:54
lib.asm							     Page 1 - 1


				;;; Professor Bailey
				;;; Fall 2022
				;;; September 14, 2022
				
				include cs240.inc		; Include CS 240 library definitions
			      C .NOLIST
			      C .LIST
			      C 
					
				.8086				; Restrict instructions to 8086
				
 0000				.data
					
				;;; Place data definitions here
				
 0000				.code				; Switch to the code segment
				
				;;; Place code here
				
				;;; Entry point for the program
				
 0000				Doit PROC
					;; Doit of DOS program...
				
 0000  E8 0000 E			call	DumpRegs	; Seem to always need this
 0003  C3				ret
 0004				Doit ENDP
				END
Microsoft (R) Macro Assembler Version 6.11		    09/14/22 13:19:54
lib.asm							     Symbols 2 - 1




Segments and Groups:

                N a m e                 Size     Length   Align   Combine Class

DGROUP . . . . . . . . . . . . .	GROUP
_DATA  . . . . . . . . . . . . .	16 Bit	 0000	  Word	  Public  'DATA'	
STACK  . . . . . . . . . . . . .	16 Bit	 0200	  Para	  Stack	  'STACK'	 
_TEXT  . . . . . . . . . . . . .	16 Bit	 0004	  Word	  Public  'CODE'	


Procedures,  parameters and locals:

                N a m e                 Type     Value    Attr

Doit . . . . . . . . . . . . . .	P Near	 0000	  _TEXT	Length= 0004 Public STDCALL
DumpLongRegs . . . . . . . . . .	P Near	 0000	  Length= 0000 External STDCALL
DumpMem  . . . . . . . . . . . .	P Near	 0000	  Length= 0000 External STDCALL
DumpRegs . . . . . . . . . . . .	P Near	 0000	  Length= 0000 External STDCALL
NewLine  . . . . . . . . . . . .	P Near	 0000	  Length= 0000 External STDCALL
PrintVersion . . . . . . . . . .	P Near	 0000	  Length= 0000 External STDCALL
ReadChar . . . . . . . . . . . .	P Near	 0000	  Length= 0000 External STDCALL
ReadHexByte  . . . . . . . . . .	P Near	 0000	  Length= 0000 External STDCALL
ReadHexDigit . . . . . . . . . .	P Near	 0000	  Length= 0000 External STDCALL
ReadHexDoubleWord  . . . . . . .	P Near	 0000	  Length= 0000 External STDCALL
ReadHexWord  . . . . . . . . . .	P Near	 0000	  Length= 0000 External STDCALL
ReadInt  . . . . . . . . . . . .	P Near	 0000	  Length= 0000 External STDCALL
ReadLine . . . . . . . . . . . .	P Near	 0000	  Length= 0000 External STDCALL
ReadUInt . . . . . . . . . . . .	P Near	 0000	  Length= 0000 External STDCALL
SkipToEOL  . . . . . . . . . . .	P Near	 0000	  Length= 0000 External STDCALL
Version  . . . . . . . . . . . .	P Near	 0000	  Length= 0000 External STDCALL
WriteBit . . . . . . . . . . . .	P Near	 0000	  Length= 0000 External STDCALL
WriteCSString  . . . . . . . . .	P Near	 0000	  Length= 0000 External STDCALL
WriteChar  . . . . . . . . . . .	P Near	 0000	  Length= 0000 External STDCALL
WriteHexByte . . . . . . . . . .	P Near	 0000	  Length= 0000 External STDCALL
WriteHexDigit  . . . . . . . . .	P Near	 0000	  Length= 0000 External STDCALL
WriteHexDoubleWord . . . . . . .	P Near	 0000	  Length= 0000 External STDCALL
WriteHexWord . . . . . . . . . .	P Near	 0000	  Length= 0000 External STDCALL
WriteInt . . . . . . . . . . . .	P Near	 0000	  Length= 0000 External STDCALL
WriteString  . . . . . . . . . .	P Near	 0000	  Length= 0000 External STDCALL
WriteUInt  . . . . . . . . . . .	P Near	 0000	  Length= 0000 External STDCALL


Symbols:

                N a m e                 Type     Value    Attr

@CodeSize  . . . . . . . . . . .	Number	 0000h	 
@DataSize  . . . . . . . . . . .	Number	 0000h	 
@Interface . . . . . . . . . . .	Number	 0003h	 
@Model . . . . . . . . . . . . .	Number	 0002h	 
@code  . . . . . . . . . . . . .	Text   	 _TEXT
@data  . . . . . . . . . . . . .	Text   	 DGROUP
@fardata?  . . . . . . . . . . .	Text   	 FAR_BSS
@fardata . . . . . . . . . . . .	Text   	 FAR_DATA
@stack . . . . . . . . . . . . .	Text   	 DGROUP

	   0 Warnings
	   0 Errors
